<?xml version="1.0" encoding="UTF-8"?>
<!-- Generated by org.testng.reporters.JUnitReportReporter -->
<testsuite skipped="0" hostname="Lenovo-PC" name="com.sgsoft.TestNGAssigns.Assign3" tests="7" failures="0" timestamp="2021-06-02T14:31:59 IST" time="23.819" errors="0">
  <testcase name="launchBrowser" time="3.076" classname="com.sgsoft.TestNGAssigns.Assign3"/>
  <system-out/>
  <testcase name="navigate" time="14.304" classname="com.sgsoft.TestNGAssigns.Assign3"/>
  <system-out/>
  <testcase name="login" time="4.039" classname="com.sgsoft.TestNGAssigns.Assign3"/>
  <system-out/>
  <testcase name="createCustomer" time="1.120" classname="com.sgsoft.TestNGAssigns.Assign3"/>
  <system-out/>
  <testcase name="deleteCustomer" time="0.035" classname="com.sgsoft.TestNGAssigns.Assign3"/>
  <system-out/>
  <testcase name="logout" time="1.169" classname="com.sgsoft.TestNGAssigns.Assign3"/>
  <system-out/>
  <testcase name="closeApplication" time="0.076" classname="com.sgsoft.TestNGAssigns.Assign3"/>
  <system-out/>
</testsuite> <!-- com.sgsoft.TestNGAssigns.Assign3 -->
