<?xml version="1.0" encoding="UTF-8"?>
<!-- Generated by org.testng.reporters.JUnitReportReporter -->
<testsuite skipped="0" hostname="Lenovo-PC" name="com.sgsoft.AssignsLogs.LogAssign_2" tests="9" failures="0" timestamp="2021-06-03T17:12:59 IST" time="16.360" errors="0">
  <testcase name="launchBrowser" time="2.963" classname="com.sgsoft.AssignsLogs.LogAssign_2"/>
  <system-out/>
  <testcase name="navigate" time="8.850" classname="com.sgsoft.AssignsLogs.LogAssign_2"/>
  <system-out/>
  <testcase name="login" time="4.343" classname="com.sgsoft.AssignsLogs.LogAssign_2"/>
  <system-out/>
  <testcase name="minimizeFlyOutWindow" time="0.028" classname="com.sgsoft.AssignsLogs.LogAssign_2"/>
  <system-out/>
  <testcase name="createUser" time="0.036" classname="com.sgsoft.AssignsLogs.LogAssign_2"/>
  <system-out/>
  <testcase name="modifyUser" time="0.024" classname="com.sgsoft.AssignsLogs.LogAssign_2"/>
  <system-out/>
  <testcase name="deleteUser" time="0.016" classname="com.sgsoft.AssignsLogs.LogAssign_2"/>
  <system-out/>
  <testcase name="logout" time="0.032" classname="com.sgsoft.AssignsLogs.LogAssign_2"/>
  <system-out/>
  <testcase name="closeApplication" time="0.068" classname="com.sgsoft.AssignsLogs.LogAssign_2"/>
  <system-out/>
</testsuite> <!-- com.sgsoft.AssignsLogs.LogAssign_2 -->
