<?xml version="1.0" encoding="UTF-8"?>
<!-- Generated by org.testng.reporters.JUnitReportReporter -->
<testsuite skipped="0" hostname="Lenovo-PC" name="com.sgsoft.AssignsLogs.LogAssign_1" tests="8" failures="0" timestamp="2021-06-03T17:12:59 IST" time="41.559" errors="0">
  <testcase name="launchBrowser" time="7.103" classname="com.sgsoft.AssignsLogs.LogAssign_1"/>
  <system-out/>
  <testcase name="navigate" time="27.624" classname="com.sgsoft.AssignsLogs.LogAssign_1"/>
  <system-out/>
  <testcase name="login" time="4.520" classname="com.sgsoft.AssignsLogs.LogAssign_1"/>
  <system-out/>
  <testcase name="minimizeFlyOutWindow" time="0.451" classname="com.sgsoft.AssignsLogs.LogAssign_1"/>
  <system-out/>
  <testcase name="createUser" time="0.038" classname="com.sgsoft.AssignsLogs.LogAssign_1"/>
  <system-out/>
  <testcase name="deleteUser" time="0.103" classname="com.sgsoft.AssignsLogs.LogAssign_1"/>
  <system-out/>
  <testcase name="logout" time="0.045" classname="com.sgsoft.AssignsLogs.LogAssign_1"/>
  <system-out/>
  <testcase name="closeApplication" time="1.675" classname="com.sgsoft.AssignsLogs.LogAssign_1"/>
  <system-out/>
</testsuite> <!-- com.sgsoft.AssignsLogs.LogAssign_1 -->
