<?xml version="1.0" encoding="UTF-8"?>
<!-- Generated by org.testng.reporters.JUnitReportReporter -->
<testsuite skipped="0" hostname="Lenovo-PC" name="com.sgsoft.AssignsLogs.LogAssign_4" tests="9" failures="0" timestamp="2021-06-03T17:12:59 IST" time="44.462" errors="0">
  <testcase name="launchBrowser" time="2.301" classname="com.sgsoft.AssignsLogs.LogAssign_4"/>
  <system-out/>
  <testcase name="navigate" time="7.603" classname="com.sgsoft.AssignsLogs.LogAssign_4"/>
  <system-out/>
  <testcase name="login" time="4.628" classname="com.sgsoft.AssignsLogs.LogAssign_4"/>
  <system-out/>
  <testcase name="minimizeFlyOutWindow" time="0.228" classname="com.sgsoft.AssignsLogs.LogAssign_4"/>
  <system-out/>
  <testcase name="createCustomer" time="0.050" classname="com.sgsoft.AssignsLogs.LogAssign_4"/>
  <system-out/>
  <testcase name="modifyCustomer" time="24.719" classname="com.sgsoft.AssignsLogs.LogAssign_4"/>
  <system-out/>
  <testcase name="deleteCustomer" time="1.893" classname="com.sgsoft.AssignsLogs.LogAssign_4"/>
  <system-out/>
  <testcase name="logout" time="2.959" classname="com.sgsoft.AssignsLogs.LogAssign_4"/>
  <system-out/>
  <testcase name="closeApplication" time="0.081" classname="com.sgsoft.AssignsLogs.LogAssign_4"/>
  <system-out/>
</testsuite> <!-- com.sgsoft.AssignsLogs.LogAssign_4 -->
