<?xml version="1.0" encoding="UTF-8"?>
<!-- Generated by org.testng.reporters.JUnitReportReporter -->
<testsuite skipped="0" hostname="Lenovo-PC" name="com.sgsoft.AssignsLogs.AdvancedAssign1" tests="10" failures="0" timestamp="2021-06-03T17:12:59 IST" time="21.864" errors="0">
  <testcase name="launchBrowser" time="3.073" classname="com.sgsoft.AssignsLogs.AdvancedAssign1"/>
  <system-out/>
  <testcase name="navigate" time="4.969" classname="com.sgsoft.AssignsLogs.AdvancedAssign1"/>
  <system-out/>
  <testcase name="createUser1" time="9.120" classname="com.sgsoft.AssignsLogs.AdvancedAssign1"/>
  <system-out/>
  <testcase name="createUser2" time="0.035" classname="com.sgsoft.AssignsLogs.AdvancedAssign1"/>
  <system-out/>
  <testcase name="createUser3" time="0.014" classname="com.sgsoft.AssignsLogs.AdvancedAssign1"/>
  <system-out/>
  <testcase name="loginLogout" time="3.416" classname="com.sgsoft.AssignsLogs.AdvancedAssign1"/>
  <system-out/>
  <testcase name="deleteUser1" time="1.122" classname="com.sgsoft.AssignsLogs.AdvancedAssign1"/>
  <system-out/>
  <testcase name="deleteUser2" time="0.027" classname="com.sgsoft.AssignsLogs.AdvancedAssign1"/>
  <system-out/>
  <testcase name="deleteUser3" time="0.017" classname="com.sgsoft.AssignsLogs.AdvancedAssign1"/>
  <system-out/>
  <testcase name="closeApplication" time="0.071" classname="com.sgsoft.AssignsLogs.AdvancedAssign1"/>
  <system-out/>
</testsuite> <!-- com.sgsoft.AssignsLogs.AdvancedAssign1 -->
