<?xml version="1.0" encoding="UTF-8"?>
<!-- Generated by org.testng.reporters.JUnitReportReporter -->
<testsuite skipped="0" hostname="Lenovo-PC" name="com.sgsoft.TestNGAssigns.Assign1" tests="7" failures="0" timestamp="2021-06-02T14:31:59 IST" time="14.364" errors="0">
  <testcase name="launchBrowser" time="3.707" classname="com.sgsoft.TestNGAssigns.Assign1"/>
  <system-out/>
  <testcase name="navigate" time="4.240" classname="com.sgsoft.TestNGAssigns.Assign1"/>
  <system-out/>
  <testcase name="login" time="4.059" classname="com.sgsoft.TestNGAssigns.Assign1"/>
  <system-out/>
  <testcase name="createUser" time="1.166" classname="com.sgsoft.TestNGAssigns.Assign1"/>
  <system-out/>
  <testcase name="deleteUser" time="0.023" classname="com.sgsoft.TestNGAssigns.Assign1"/>
  <system-out/>
  <testcase name="logout" time="1.093" classname="com.sgsoft.TestNGAssigns.Assign1"/>
  <system-out/>
  <testcase name="closeApplication" time="0.076" classname="com.sgsoft.TestNGAssigns.Assign1"/>
  <system-out/>
</testsuite> <!-- com.sgsoft.TestNGAssigns.Assign1 -->
