<?xml version="1.0" encoding="UTF-8"?>
<!-- Generated by org.testng.reporters.JUnitReportReporter -->
<testsuite skipped="0" hostname="Lenovo-PC" name="com.sgsoft.TestNGAssigns.Assign4" tests="8" failures="0" timestamp="2021-06-02T14:31:59 IST" time="19.977" errors="0">
  <testcase name="launchBrowser" time="2.772" classname="com.sgsoft.TestNGAssigns.Assign4"/>
  <system-out/>
  <testcase name="navigate" time="8.760" classname="com.sgsoft.TestNGAssigns.Assign4"/>
  <system-out/>
  <testcase name="login" time="3.756" classname="com.sgsoft.TestNGAssigns.Assign4"/>
  <system-out/>
  <testcase name="createCustomer" time="1.146" classname="com.sgsoft.TestNGAssigns.Assign4"/>
  <system-out/>
  <testcase name="modifyCustomer" time="0.045" classname="com.sgsoft.TestNGAssigns.Assign4"/>
  <system-out/>
  <testcase name="deleteCustomer" time="0.829" classname="com.sgsoft.TestNGAssigns.Assign4"/>
  <system-out/>
  <testcase name="logout" time="2.419" classname="com.sgsoft.TestNGAssigns.Assign4"/>
  <system-out/>
  <testcase name="closeApplication" time="0.250" classname="com.sgsoft.TestNGAssigns.Assign4"/>
  <system-out/>
</testsuite> <!-- com.sgsoft.TestNGAssigns.Assign4 -->
