<?xml version="1.0" encoding="UTF-8"?>
<!-- Generated by org.testng.reporters.JUnitReportReporter -->
<testsuite skipped="0" hostname="Lenovo-PC" name="com.sgsoft.AssignsLogs.LogAssign_7" tests="12" failures="0" timestamp="2021-06-03T17:12:59 IST" time="85.140" errors="0">
  <testcase name="launchBrowser" time="3.085" classname="com.sgsoft.AssignsLogs.LogAssign_7"/>
  <system-out/>
  <testcase name="navigate" time="62.732" classname="com.sgsoft.AssignsLogs.LogAssign_7"/>
  <system-out/>
  <testcase name="login" time="4.311" classname="com.sgsoft.AssignsLogs.LogAssign_7"/>
  <system-out/>
  <testcase name="minimizeFlyOutWindow" time="0.035" classname="com.sgsoft.AssignsLogs.LogAssign_7"/>
  <system-out/>
  <testcase name="createCustomer" time="0.029" classname="com.sgsoft.AssignsLogs.LogAssign_7"/>
  <system-out/>
  <testcase name="createProject" time="0.052" classname="com.sgsoft.AssignsLogs.LogAssign_7"/>
  <system-out/>
  <testcase name="createTask" time="0.060" classname="com.sgsoft.AssignsLogs.LogAssign_7"/>
  <system-out/>
  <testcase name="deleteTasks" time="8.542" classname="com.sgsoft.AssignsLogs.LogAssign_7"/>
  <system-out/>
  <testcase name="deleteProject" time="3.320" classname="com.sgsoft.AssignsLogs.LogAssign_7"/>
  <system-out/>
  <testcase name="deleteCustomer" time="0.029" classname="com.sgsoft.AssignsLogs.LogAssign_7"/>
  <system-out/>
  <testcase name="logout" time="2.737" classname="com.sgsoft.AssignsLogs.LogAssign_7"/>
  <system-out/>
  <testcase name="closeApplication" time="0.208" classname="com.sgsoft.AssignsLogs.LogAssign_7"/>
  <system-out/>
</testsuite> <!-- com.sgsoft.AssignsLogs.LogAssign_7 -->
