<?xml version="1.0" encoding="UTF-8"?>
<!-- Generated by org.testng.reporters.JUnitReportReporter -->
<testsuite skipped="0" hostname="Lenovo-PC" name="com.sgsoft.TestNGAssigns.AdvanceAssign2" tests="12" failures="0" timestamp="2021-06-02T14:31:59 IST" time="134.222" errors="0">
  <testcase name="launchBrowser" time="5.082" classname="com.sgsoft.TestNGAssigns.AdvanceAssign2"/>
  <system-out/>
  <testcase name="navigate" time="80.780" classname="com.sgsoft.TestNGAssigns.AdvanceAssign2"/>
  <system-out/>
  <testcase name="createUser1" time="34.402" classname="com.sgsoft.TestNGAssigns.AdvanceAssign2"/>
  <system-out/>
  <testcase name="createUser2" time="1.186" classname="com.sgsoft.TestNGAssigns.AdvanceAssign2"/>
  <system-out/>
  <testcase name="createUser3" time="5.795" classname="com.sgsoft.TestNGAssigns.AdvanceAssign2"/>
  <system-out/>
  <testcase name="modifyUser1" time="1.156" classname="com.sgsoft.TestNGAssigns.AdvanceAssign2"/>
  <system-out/>
  <testcase name="modifyUser2" time="1.130" classname="com.sgsoft.TestNGAssigns.AdvanceAssign2"/>
  <system-out/>
  <testcase name="modifyUser3" time="1.173" classname="com.sgsoft.TestNGAssigns.AdvanceAssign2"/>
  <system-out/>
  <testcase name="deleteUser3" time="1.170" classname="com.sgsoft.TestNGAssigns.AdvanceAssign2"/>
  <system-out/>
  <testcase name="deleteUser2" time="1.144" classname="com.sgsoft.TestNGAssigns.AdvanceAssign2"/>
  <system-out/>
  <testcase name="deleteUser1" time="1.127" classname="com.sgsoft.TestNGAssigns.AdvanceAssign2"/>
  <system-out/>
  <testcase name="closeApplication" time="0.077" classname="com.sgsoft.TestNGAssigns.AdvanceAssign2"/>
  <system-out/>
</testsuite> <!-- com.sgsoft.TestNGAssigns.AdvanceAssign2 -->
