<?xml version="1.0" encoding="UTF-8"?>
<!-- Generated by org.testng.reporters.JUnitReportReporter -->
<testsuite skipped="0" hostname="Lenovo-PC" name="com.sgsoft.TestNGAssigns.Assign5" tests="9" failures="0" timestamp="2021-06-02T14:31:59 IST" time="46.664" errors="0">
  <testcase name="launchBrowser" time="4.212" classname="com.sgsoft.TestNGAssigns.Assign5"/>
  <system-out/>
  <testcase name="navigate" time="30.390" classname="com.sgsoft.TestNGAssigns.Assign5"/>
  <system-out/>
  <testcase name="login" time="6.050" classname="com.sgsoft.TestNGAssigns.Assign5"/>
  <system-out/>
  <testcase name="createCustomer" time="1.163" classname="com.sgsoft.TestNGAssigns.Assign5"/>
  <system-out/>
  <testcase name="createProject" time="0.036" classname="com.sgsoft.TestNGAssigns.Assign5"/>
  <system-out/>
  <testcase name="deleteProject" time="2.066" classname="com.sgsoft.TestNGAssigns.Assign5"/>
  <system-out/>
  <testcase name="deleteCustomer" time="0.029" classname="com.sgsoft.TestNGAssigns.Assign5"/>
  <system-out/>
  <testcase name="logout" time="2.680" classname="com.sgsoft.TestNGAssigns.Assign5"/>
  <system-out/>
  <testcase name="closeApplication" time="0.038" classname="com.sgsoft.TestNGAssigns.Assign5"/>
  <system-out/>
</testsuite> <!-- com.sgsoft.TestNGAssigns.Assign5 -->
