<?xml version="1.0" encoding="UTF-8"?>
<!-- Generated by org.testng.reporters.JUnitReportReporter -->
<testsuite skipped="0" hostname="Lenovo-PC" name="com.sgsoft.TestNGAssigns.Assign2" tests="8" failures="0" timestamp="2021-06-02T14:31:59 IST" time="17.600" errors="0">
  <testcase name="launchBrowser" time="2.565" classname="com.sgsoft.TestNGAssigns.Assign2"/>
  <system-out/>
  <testcase name="navigate" time="8.252" classname="com.sgsoft.TestNGAssigns.Assign2"/>
  <system-out/>
  <testcase name="login" time="4.465" classname="com.sgsoft.TestNGAssigns.Assign2"/>
  <system-out/>
  <testcase name="createUser" time="1.098" classname="com.sgsoft.TestNGAssigns.Assign2"/>
  <system-out/>
  <testcase name="modifyUser" time="0.040" classname="com.sgsoft.TestNGAssigns.Assign2"/>
  <system-out/>
  <testcase name="deleteUser" time="0.020" classname="com.sgsoft.TestNGAssigns.Assign2"/>
  <system-out/>
  <testcase name="logout" time="1.082" classname="com.sgsoft.TestNGAssigns.Assign2"/>
  <system-out/>
  <testcase name="closeApplication" time="0.078" classname="com.sgsoft.TestNGAssigns.Assign2"/>
  <system-out/>
</testsuite> <!-- com.sgsoft.TestNGAssigns.Assign2 -->
