<?xml version="1.0" encoding="UTF-8"?>
<!-- Generated by org.testng.reporters.JUnitReportReporter -->
<testsuite skipped="0" hostname="Lenovo-PC" name="com.sgsoft.AssignsLogs.LogAssign_6" tests="11" failures="0" timestamp="2021-06-03T17:12:59 IST" time="66.608" errors="0">
  <testcase name="launchBrowser" time="2.662" classname="com.sgsoft.AssignsLogs.LogAssign_6"/>
  <system-out/>
  <testcase name="navigate" time="39.526" classname="com.sgsoft.AssignsLogs.LogAssign_6"/>
  <system-out/>
  <testcase name="login" time="4.330" classname="com.sgsoft.AssignsLogs.LogAssign_6"/>
  <system-out/>
  <testcase name="minimizeFlyOutWindow" time="0.022" classname="com.sgsoft.AssignsLogs.LogAssign_6"/>
  <system-out/>
  <testcase name="createCustomer" time="0.037" classname="com.sgsoft.AssignsLogs.LogAssign_6"/>
  <system-out/>
  <testcase name="createProject" time="0.025" classname="com.sgsoft.AssignsLogs.LogAssign_6"/>
  <system-out/>
  <testcase name="modifyProject" time="11.684" classname="com.sgsoft.AssignsLogs.LogAssign_6"/>
  <system-out/>
  <testcase name="deleteProject" time="8.239" classname="com.sgsoft.AssignsLogs.LogAssign_6"/>
  <system-out/>
  <testcase name="deleteCustomer" time="0.033" classname="com.sgsoft.AssignsLogs.LogAssign_6"/>
  <system-out/>
  <testcase name="logout" time="0.024" classname="com.sgsoft.AssignsLogs.LogAssign_6"/>
  <system-out/>
  <testcase name="closeApplication" time="0.026" classname="com.sgsoft.AssignsLogs.LogAssign_6"/>
  <system-out/>
</testsuite> <!-- com.sgsoft.AssignsLogs.LogAssign_6 -->
