<?xml version="1.0" encoding="UTF-8"?>
<!-- Generated by org.testng.reporters.JUnitReportReporter -->
<testsuite skipped="0" hostname="Lenovo-PC" name="com.sgsoft.TestNGAssigns.AdvanceAssign1" tests="10" failures="0" timestamp="2021-06-02T14:31:59 IST" time="63.223" errors="0">
  <testcase name="launchBrowser" time="4.563" classname="com.sgsoft.TestNGAssigns.AdvanceAssign1"/>
  <system-out/>
  <testcase name="navigate" time="32.461" classname="com.sgsoft.TestNGAssigns.AdvanceAssign1"/>
  <system-out/>
  <testcase name="createUser1" time="20.817" classname="com.sgsoft.TestNGAssigns.AdvanceAssign1"/>
  <system-out/>
  <testcase name="createUser2" time="0.107" classname="com.sgsoft.TestNGAssigns.AdvanceAssign1"/>
  <system-out/>
  <testcase name="createUser3" time="0.238" classname="com.sgsoft.TestNGAssigns.AdvanceAssign1"/>
  <system-out/>
  <testcase name="loginLogout" time="3.495" classname="com.sgsoft.TestNGAssigns.AdvanceAssign1"/>
  <system-out/>
  <testcase name="deleteUser1" time="1.195" classname="com.sgsoft.TestNGAssigns.AdvanceAssign1"/>
  <system-out/>
  <testcase name="deleteUser2" time="0.040" classname="com.sgsoft.TestNGAssigns.AdvanceAssign1"/>
  <system-out/>
  <testcase name="deleteUser3" time="0.238" classname="com.sgsoft.TestNGAssigns.AdvanceAssign1"/>
  <system-out/>
  <testcase name="closeApplication" time="0.069" classname="com.sgsoft.TestNGAssigns.AdvanceAssign1"/>
  <system-out/>
</testsuite> <!-- com.sgsoft.TestNGAssigns.AdvanceAssign1 -->
