<?xml version="1.0" encoding="UTF-8"?>
<!-- Generated by org.testng.reporters.JUnitReportReporter -->
<testsuite skipped="0" hostname="Lenovo-PC" name="com.sgsoft.AssignsLogs.LogAssign_3" tests="8" failures="0" timestamp="2021-06-03T17:12:59 IST" time="42.757" errors="0">
  <testcase name="launchBrowser" time="2.656" classname="com.sgsoft.AssignsLogs.LogAssign_3"/>
  <system-out/>
  <testcase name="navigate" time="33.391" classname="com.sgsoft.AssignsLogs.LogAssign_3"/>
  <system-out/>
  <testcase name="login" time="4.388" classname="com.sgsoft.AssignsLogs.LogAssign_3"/>
  <system-out/>
  <testcase name="minimizeFlyOutWindow" time="0.044" classname="com.sgsoft.AssignsLogs.LogAssign_3"/>
  <system-out/>
  <testcase name="createCustomer" time="0.029" classname="com.sgsoft.AssignsLogs.LogAssign_3"/>
  <system-out/>
  <testcase name="deleteCustomer" time="0.029" classname="com.sgsoft.AssignsLogs.LogAssign_3"/>
  <system-out/>
  <testcase name="logout" time="0.028" classname="com.sgsoft.AssignsLogs.LogAssign_3"/>
  <system-out/>
  <testcase name="closeApplication" time="2.192" classname="com.sgsoft.AssignsLogs.LogAssign_3"/>
  <system-out/>
</testsuite> <!-- com.sgsoft.AssignsLogs.LogAssign_3 -->
