<?xml version="1.0" encoding="UTF-8"?>
<!-- Generated by org.testng.reporters.JUnitReportReporter -->
<testsuite skipped="0" hostname="Lenovo-PC" name="com.sgsoft.TestNGAssigns.Assign7" tests="11" failures="0" timestamp="2021-06-02T14:31:59 IST" time="57.082" errors="0">
  <testcase name="launchBrowser" time="10.195" classname="com.sgsoft.TestNGAssigns.Assign7"/>
  <system-out/>
  <testcase name="navigate" time="22.257" classname="com.sgsoft.TestNGAssigns.Assign7"/>
  <system-out/>
  <testcase name="login" time="18.446" classname="com.sgsoft.TestNGAssigns.Assign7"/>
  <system-out/>
  <testcase name="createCustomer" time="1.102" classname="com.sgsoft.TestNGAssigns.Assign7"/>
  <system-out/>
  <testcase name="createProject" time="0.200" classname="com.sgsoft.TestNGAssigns.Assign7"/>
  <system-out/>
  <testcase name="createTask" time="0.051" classname="com.sgsoft.TestNGAssigns.Assign7"/>
  <system-out/>
  <testcase name="deleteTasks" time="0.152" classname="com.sgsoft.TestNGAssigns.Assign7"/>
  <system-out/>
  <testcase name="deleteProject" time="2.065" classname="com.sgsoft.TestNGAssigns.Assign7"/>
  <system-out/>
  <testcase name="deleteCustomer" time="0.043" classname="com.sgsoft.TestNGAssigns.Assign7"/>
  <system-out/>
  <testcase name="logout" time="2.540" classname="com.sgsoft.TestNGAssigns.Assign7"/>
  <system-out/>
  <testcase name="closeApplication" time="0.031" classname="com.sgsoft.TestNGAssigns.Assign7"/>
  <system-out/>
</testsuite> <!-- com.sgsoft.TestNGAssigns.Assign7 -->
