<?xml version="1.0" encoding="UTF-8"?>
<!-- Generated by org.testng.reporters.JUnitReportReporter -->
<testsuite skipped="0" hostname="Lenovo-PC" name="com.sgsoft.TestNGAssigns.Assign6" tests="10" failures="0" timestamp="2021-06-02T14:31:59 IST" time="66.924" errors="0">
  <testcase name="launchBrowser" time="9.228" classname="com.sgsoft.TestNGAssigns.Assign6"/>
  <system-out/>
  <testcase name="navigate" time="27.327" classname="com.sgsoft.TestNGAssigns.Assign6"/>
  <system-out/>
  <testcase name="login" time="22.916" classname="com.sgsoft.TestNGAssigns.Assign6"/>
  <system-out/>
  <testcase name="createCustomer" time="1.088" classname="com.sgsoft.TestNGAssigns.Assign6"/>
  <system-out/>
  <testcase name="createProject" time="0.852" classname="com.sgsoft.TestNGAssigns.Assign6"/>
  <system-out/>
  <testcase name="modifyProject" time="1.084" classname="com.sgsoft.TestNGAssigns.Assign6"/>
  <system-out/>
  <testcase name="deleteProject" time="2.044" classname="com.sgsoft.TestNGAssigns.Assign6"/>
  <system-out/>
  <testcase name="deleteCustomer" time="0.040" classname="com.sgsoft.TestNGAssigns.Assign6"/>
  <system-out/>
  <testcase name="logout" time="2.309" classname="com.sgsoft.TestNGAssigns.Assign6"/>
  <system-out/>
  <testcase name="closeApplication" time="0.036" classname="com.sgsoft.TestNGAssigns.Assign6"/>
  <system-out/>
</testsuite> <!-- com.sgsoft.TestNGAssigns.Assign6 -->
