<?xml version="1.0" encoding="UTF-8"?>
<!-- Generated by org.testng.reporters.JUnitReportReporter -->
<testsuite skipped="0" hostname="Lenovo-PC" name="com.sgsoft.AssignsLogs.AdvancedAssign2" tests="12" failures="0" timestamp="2021-06-03T17:12:58 IST" time="26.889" errors="0">
  <testcase name="launchBrowser" time="2.453" classname="com.sgsoft.AssignsLogs.AdvancedAssign2"/>
  <system-out/>
  <testcase name="navigate" time="6.625" classname="com.sgsoft.AssignsLogs.AdvancedAssign2"/>
  <system-out/>
  <testcase name="createUser1" time="8.590" classname="com.sgsoft.AssignsLogs.AdvancedAssign2"/>
  <system-out/>
  <testcase name="createUser2" time="1.173" classname="com.sgsoft.AssignsLogs.AdvancedAssign2"/>
  <system-out/>
  <testcase name="createUser3" time="1.148" classname="com.sgsoft.AssignsLogs.AdvancedAssign2"/>
  <system-out/>
  <testcase name="modifyUser1" time="1.115" classname="com.sgsoft.AssignsLogs.AdvancedAssign2"/>
  <system-out/>
  <testcase name="modifyUser2" time="1.141" classname="com.sgsoft.AssignsLogs.AdvancedAssign2"/>
  <system-out/>
  <testcase name="modifyUser3" time="1.154" classname="com.sgsoft.AssignsLogs.AdvancedAssign2"/>
  <system-out/>
  <testcase name="deleteUser3" time="1.143" classname="com.sgsoft.AssignsLogs.AdvancedAssign2"/>
  <system-out/>
  <testcase name="deleteUser2" time="1.142" classname="com.sgsoft.AssignsLogs.AdvancedAssign2"/>
  <system-out/>
  <testcase name="deleteUser1" time="1.129" classname="com.sgsoft.AssignsLogs.AdvancedAssign2"/>
  <system-out/>
  <testcase name="closeApplication" time="0.076" classname="com.sgsoft.AssignsLogs.AdvancedAssign2"/>
  <system-out/>
</testsuite> <!-- com.sgsoft.AssignsLogs.AdvancedAssign2 -->
