<?xml version="1.0" encoding="UTF-8"?>
<!-- Generated by org.testng.reporters.JUnitReportReporter -->
<testsuite skipped="0" hostname="Lenovo-PC" name="com.sgsoft.AssignsLogs.LogAssign_5" tests="10" failures="0" timestamp="2021-06-03T17:12:59 IST" time="15.821" errors="0">
  <testcase name="launchBrowser" time="2.860" classname="com.sgsoft.AssignsLogs.LogAssign_5"/>
  <system-out/>
  <testcase name="navigate" time="5.961" classname="com.sgsoft.AssignsLogs.LogAssign_5"/>
  <system-out/>
  <testcase name="login" time="4.460" classname="com.sgsoft.AssignsLogs.LogAssign_5"/>
  <system-out/>
  <testcase name="minimizeFlyOutWindow" time="0.022" classname="com.sgsoft.AssignsLogs.LogAssign_5"/>
  <system-out/>
  <testcase name="createCustomer" time="0.027" classname="com.sgsoft.AssignsLogs.LogAssign_5"/>
  <system-out/>
  <testcase name="createProject" time="0.021" classname="com.sgsoft.AssignsLogs.LogAssign_5"/>
  <system-out/>
  <testcase name="deleteProject" time="2.400" classname="com.sgsoft.AssignsLogs.LogAssign_5"/>
  <system-out/>
  <testcase name="deleteCustomer" time="0.025" classname="com.sgsoft.AssignsLogs.LogAssign_5"/>
  <system-out/>
  <testcase name="logout" time="0.024" classname="com.sgsoft.AssignsLogs.LogAssign_5"/>
  <system-out/>
  <testcase name="closeApplication" time="0.021" classname="com.sgsoft.AssignsLogs.LogAssign_5"/>
  <system-out/>
</testsuite> <!-- com.sgsoft.AssignsLogs.LogAssign_5 -->
